2016-02-21 15:22:11.0535|INFO|SyncHameleon.Logger.Nlogger|Start program
2016-02-21 15:22:16.5548|INFO|SyncHameleon.Logger.Nlogger|end program
2016-02-21 17:25:27.0069|INFO|SyncHameleon.Logger.Nlogger|Start program
2016-02-21 17:25:36.3725|INFO|SyncHameleon.Logger.Nlogger|end program
2016-02-21 17:28:28.7426|INFO|SyncHameleon.Logger.Nlogger|Start program
2016-02-21 17:28:36.8811|INFO|SyncHameleon.Logger.Nlogger|end program
2016-02-21 17:30:14.6244|INFO|SyncHameleon.Program|Start program
2016-02-21 17:30:18.3477|INFO|SyncHameleon.Logger.Nlogger|end program
2016-02-21 17:31:26.3810|INFO|SyncHameleon.Program|Start program
2016-02-21 17:31:28.4662|INFO|SyncHameleon.Logger.Nlogger|end program
2016-02-21 17:31:49.5495|INFO|SyncHameleon.Program|Start program
2016-02-21 17:31:51.9776|INFO|SyncHameleon.Logger.Nlogger|end program
2016-02-21 17:40:08.8335|INFO|SyncHameleon.Program|Start program
2016-02-21 18:21:43.0192|INFO|SyncHameleon.Program|Start program
2016-02-21 18:21:45.1643|INFO|SyncHameleon.Logger.Nlogger|end program
2016-02-21 18:22:18.7285|INFO|SyncHameleon.Program|Start program
2016-02-21 18:22:20.2836|INFO|SyncHameleon.Logger.Nlogger|end program
2016-02-21 18:23:52.4975|INFO|SyncHameleon.Program|Start program
2016-02-21 18:23:53.9776|INFO|SyncHameleon.Logger.Nlogger|end program
2016-02-21 18:24:14.4719|INFO|SyncHameleon.Program|Start program
2016-02-21 18:24:16.7860|INFO|SyncHameleon.Logger.Nlogger|end program
2016-02-21 18:24:50.7682|INFO|SyncHameleon.Program|Start program
2016-02-21 18:24:52.6323|INFO|SyncHameleon.Logger.Nlogger|end program
2016-02-21 21:02:05.3437|ERROR|SyncHameleon.Program|Start Main
2016-02-21 21:02:05.3587|FATAL|SyncHameleon.Program|Start Main
